This is e-pTeX, Version 3.141592653-p3.9.0-210218-2.6 (utf8.sjis) (TeX Live 2021/W32TeX) (preloaded format=platex 2022.1.18)  21 JAN 2022 17:42
entering extended mode
 restricted \write18 enabled.
 %&-line parsing enabled.
**210520_UTF-8_sampleBody.tex
(./210520_UTF-8_sampleBody.tex
pLaTeX2e <2021-11-15> (based on LaTeX2e <2021-11-15> patch level 1)
L3 programming layer <2022-01-12>
! Undefined control sequence.
l.1 \section
            {講演論文原稿作成方法について}
? 
! Emergency stop.
l.1 \section
            {講演論文原稿作成方法について}
End of file on the terminal!

 
Here is how much of TeX's memory you used:
 17 strings out of 478749
 393 string characters out of 5862292
 295179 words of memory out of 5000000
 18540 multiletter control sequences out of 15000+600000
 473130 words of font info for 45 fonts, out of 8000000 for 9000
 929 hyphenation exceptions out of 8191
 15i,0n,23p,100b,18s stack positions out of 5000i,500n,10000p,200000b,80000s
No pages of output.
